2026-04-28 00:19:33.058 [main] INFO  com.example.atm.AtmApplication-Starting AtmApplication using Java 17.0.17 with PID 35792 (C:\Users\vaedu\Desktop\ATM-Web\atm\build\classes\java\main started by vaedu in C:\Users\vaedu\Desktop\ATM-Web)
2026-04-28 00:19:33.060 [main] INFO  com.example.atm.AtmApplication-No active profile set, falling back to 1 default profile: "default"
2026-04-28 00:19:34.170 [main] INFO  o.s.boot.web.embedded.tomcat.TomcatWebServer-Tomcat initialized with port 8090 (http)
2026-04-28 00:19:34.181 [main] INFO  org.apache.coyote.http11.Http11NioProtocol-Initializing ProtocolHandler ["http-nio-8090"]
2026-04-28 00:19:34.184 [main] INFO  org.apache.catalina.core.StandardService-Starting service [Tomcat]
2026-04-28 00:19:34.184 [main] INFO  org.apache.catalina.core.StandardEngine-Starting Servlet engine: [Apache Tomcat/10.1.48]
2026-04-28 00:19:34.239 [main] INFO  o.a.c.core.ContainerBase.[Tomcat].[localhost].[/]-Initializing Spring embedded WebApplicationContext
2026-04-28 00:19:34.239 [main] INFO  o.s.b.w.s.c.ServletWebServerApplicationContext-Root WebApplicationContext: initialization completed in 1138 ms
2026-04-28 00:19:34.808 [main] INFO  o.s.b.actuate.endpoint.web.EndpointLinksResolver-Exposing 1 endpoint beneath base path '/actuator'
2026-04-28 00:19:34.844 [main] INFO  org.apache.coyote.http11.Http11NioProtocol-Starting ProtocolHandler ["http-nio-8090"]
2026-04-28 00:19:34.858 [main] INFO  o.s.boot.web.embedded.tomcat.TomcatWebServer-Tomcat started on port 8090 (http) with context path '/'
2026-04-28 00:19:34.868 [main] INFO  com.example.atm.AtmApplication-Started AtmApplication in 2.177 seconds (process running for 2.766)
2026-04-28 00:19:34.874 [main] INFO  com.zaxxer.hikari.HikariDataSource-HikariPool-1 - Starting...
2026-04-28 00:19:35.080 [main] INFO  com.zaxxer.hikari.pool.HikariPool-HikariPool-1 - Added connection com.mysql.cj.jdbc.ConnectionImpl@299a43d9
2026-04-28 00:19:35.088 [main] INFO  com.zaxxer.hikari.HikariDataSource-HikariPool-1 - Start completed.
2026-04-28 00:19:35.301 [RMI TCP Connection(2)-10.9.60.50] INFO  o.a.c.core.ContainerBase.[Tomcat].[localhost].[/]-Initializing Spring DispatcherServlet 'dispatcherServlet'
2026-04-28 00:19:35.301 [RMI TCP Connection(2)-10.9.60.50] INFO  org.springframework.web.servlet.DispatcherServlet-Initializing Servlet 'dispatcherServlet'
2026-04-28 00:19:35.303 [RMI TCP Connection(2)-10.9.60.50] INFO  org.springframework.web.servlet.DispatcherServlet-Completed initialization in 2 ms
2026-04-28 00:19:43.506 [SpringApplicationShutdownHook] INFO  o.s.boot.web.embedded.tomcat.GracefulShutdown-Commencing graceful shutdown. Waiting for active requests to complete
2026-04-28 00:19:43.789 [tomcat-shutdown] INFO  o.s.boot.web.embedded.tomcat.GracefulShutdown-Graceful shutdown complete
2026-04-28 00:19:43.793 [SpringApplicationShutdownHook] INFO  com.zaxxer.hikari.HikariDataSource-HikariPool-1 - Shutdown initiated...
2026-04-28 00:19:43.799 [SpringApplicationShutdownHook] INFO  com.zaxxer.hikari.HikariDataSource-HikariPool-1 - Shutdown completed.
2026-04-28 00:35:37.204 [main] INFO  com.example.atm.AtmApplication-Starting AtmApplication using Java 17.0.17 with PID 24012 (C:\Users\vaedu\Desktop\ATM-Web\atm\build\classes\java\main started by vaedu in C:\Users\vaedu\Desktop\ATM-Web)
2026-04-28 00:35:37.206 [main] INFO  com.example.atm.AtmApplication-No active profile set, falling back to 1 default profile: "default"
2026-04-28 00:35:38.168 [main] INFO  o.s.boot.web.embedded.tomcat.TomcatWebServer-Tomcat initialized with port 8090 (http)
2026-04-28 00:35:38.177 [main] INFO  org.apache.coyote.http11.Http11NioProtocol-Initializing ProtocolHandler ["http-nio-8090"]
2026-04-28 00:35:38.179 [main] INFO  org.apache.catalina.core.StandardService-Starting service [Tomcat]
2026-04-28 00:35:38.179 [main] INFO  org.apache.catalina.core.StandardEngine-Starting Servlet engine: [Apache Tomcat/10.1.48]
2026-04-28 00:35:38.227 [main] INFO  o.a.c.core.ContainerBase.[Tomcat].[localhost].[/]-Initializing Spring embedded WebApplicationContext
2026-04-28 00:35:38.227 [main] INFO  o.s.b.w.s.c.ServletWebServerApplicationContext-Root WebApplicationContext: initialization completed in 982 ms
2026-04-28 00:35:38.752 [main] INFO  o.s.b.actuate.endpoint.web.EndpointLinksResolver-Exposing 1 endpoint beneath base path '/actuator'
2026-04-28 00:35:38.787 [main] INFO  org.apache.coyote.http11.Http11NioProtocol-Starting ProtocolHandler ["http-nio-8090"]
2026-04-28 00:35:38.800 [main] INFO  o.s.boot.web.embedded.tomcat.TomcatWebServer-Tomcat started on port 8090 (http) with context path '/'
2026-04-28 00:35:38.809 [main] INFO  com.example.atm.AtmApplication-Started AtmApplication in 1.904 seconds (process running for 2.437)
2026-04-28 00:35:38.814 [main] INFO  com.example.atm.AtmApplication-【数据库连接测试】正在强制检查...
2026-04-28 00:35:38.815 [main] INFO  com.zaxxer.hikari.HikariDataSource-HikariPool-1 - Starting...
2026-04-28 00:35:39.000 [main] INFO  com.zaxxer.hikari.pool.HikariPool-HikariPool-1 - Added connection com.mysql.cj.jdbc.ConnectionImpl@3c8fe8ad
2026-04-28 00:35:39.010 [main] INFO  com.zaxxer.hikari.HikariDataSource-HikariPool-1 - Start completed.
2026-04-28 00:35:39.013 [main] INFO  com.example.atm.AtmApplication-【数据库连接成功！】当前数据库: atm_db
2026-04-28 00:35:39.572 [RMI TCP Connection(1)-10.9.60.50] INFO  o.a.c.core.ContainerBase.[Tomcat].[localhost].[/]-Initializing Spring DispatcherServlet 'dispatcherServlet'
2026-04-28 00:35:39.572 [RMI TCP Connection(1)-10.9.60.50] INFO  org.springframework.web.servlet.DispatcherServlet-Initializing Servlet 'dispatcherServlet'
2026-04-28 00:35:39.574 [RMI TCP Connection(1)-10.9.60.50] INFO  org.springframework.web.servlet.DispatcherServlet-Completed initialization in 2 ms
2026-04-28 00:36:38.114 [SpringApplicationShutdownHook] INFO  o.s.boot.web.embedded.tomcat.GracefulShutdown-Commencing graceful shutdown. Waiting for active requests to complete
2026-04-28 00:36:38.397 [tomcat-shutdown] INFO  o.s.boot.web.embedded.tomcat.GracefulShutdown-Graceful shutdown complete
2026-04-28 00:36:38.402 [SpringApplicationShutdownHook] INFO  com.zaxxer.hikari.HikariDataSource-HikariPool-1 - Shutdown initiated...
2026-04-28 00:36:38.408 [SpringApplicationShutdownHook] INFO  com.zaxxer.hikari.HikariDataSource-HikariPool-1 - Shutdown completed.
